Namespace(attack='bim', batch_size=512, dataset='mnist', do_test=True, model='../model/model_10.pth', pic_name='mnist_bim_20', uncert='default')
Loading the data and model...
Sequential(
  (0): Conv2d(1, 64, kernel_size=(3, 3), stride=(1, 1))
  (1): ReLU()
  (2): Conv2d(64, 64, kernel_size=(3, 3), stride=(1, 1))
  (3): ReLU()
  (4): MaxPool2d(kernel_size=(2, 2), stride=(2, 2), padding=0, dilation=1, ceil_mode=False)
  (5): Dropout(p=0.5, inplace=False)
  (6): Flatten()
  (7): Linear(in_features=9216, out_features=128, bias=True)
  (8): ReLU()
  (9): Dropout(p=0.5, inplace=False)
  (10): Linear(in_features=128, out_features=10, bias=True)
  (11): Softmax(dim=None)
)
Loading noisy and adversarial samples...
Model accuracy on the normal test set: 95.24%
Model accuracy on the noisy test set: 95.23%
Average L-2 perturbation size of the noisy test set: 2.80
Model accuracy on the adversarial test set: 89.50%
Average L-2 perturbation size of the adversarial test set: 19.53
Getting Monte Carlo dropout variance...
Getting Monte Carlo dropout entropy...
Getting entropy...
Entropy tensor([[1.1808e-39, 0.0000e+00, 3.2754e-40,  ..., 0.0000e+00, 0.0000e+00,
         0.0000e+00],
        [1.0000e+00, 0.0000e+00, 0.0000e+00,  ..., 0.0000e+00, 0.0000e+00,
         0.0000e+00],
        [6.1047e-37, 2.9944e-41, 3.2043e-23,  ..., 2.6695e-23, 1.5887e-39,
         9.4229e-13],
        ...,
        [0.0000e+00, 2.0655e-42, 0.0000e+00,  ..., 0.0000e+00, 4.4639e-36,
         1.5903e-33],
        [5.5577e-22, 2.4365e-36, 3.6631e-22,  ..., 3.5721e-39, 2.8530e-42,
         2.6214e-35],
        [2.2074e-23, 4.2126e-28, 1.5579e-33,  ..., 1.3532e-25, 1.0000e+00,
         1.4346e-16]])
Uncert tensor([       nan,        nan, 2.6092e-11,  ...,        nan, 8.0273e-20,
               nan])
Entropy tensor([[2.0833e-40, 0.0000e+00, 1.4389e-40,  ..., 0.0000e+00, 0.0000e+00,
         0.0000e+00],
        [1.0000e+00, 0.0000e+00, 0.0000e+00,  ..., 0.0000e+00, 0.0000e+00,
         0.0000e+00],
        [9.4197e-37, 9.5245e-41, 2.3023e-23,  ..., 7.4004e-23, 5.5830e-39,
         1.2220e-12],
        ...,
        [0.0000e+00, 1.2303e-42, 0.0000e+00,  ..., 0.0000e+00, 9.0991e-37,
         5.8840e-34],
        [4.1722e-22, 2.8763e-36, 7.3892e-22,  ..., 2.1579e-39, 2.9343e-42,
         4.6963e-35],
        [1.5460e-23, 1.2718e-27, 1.1454e-33,  ..., 2.8803e-25, 1.0000e+00,
         1.6781e-15]])
Uncert tensor([       nan,        nan, 3.3519e-11,  ...,        nan, 1.1835e-19,
        5.7090e-14])
Entropy tensor([[2.0028e-16, 1.0519e-19, 3.5157e-14,  ..., 2.8537e-19, 3.8219e-16,
         2.7046e-17],
        [1.0000e+00, 7.9088e-35, 1.9742e-20,  ..., 5.2958e-24, 2.7768e-30,
         9.3462e-28],
        [1.4947e-17, 3.9074e-18, 1.4874e-11,  ..., 9.1328e-11, 1.0652e-16,
         3.6206e-06],
        ...,
        [3.3020e-22, 1.2412e-18, 4.5308e-32,  ..., 8.8200e-28, 8.7819e-17,
         7.5871e-16],
        [6.4827e-14, 8.8483e-21, 2.6352e-10,  ..., 1.8972e-23, 1.3673e-23,
         2.3850e-21],
        [2.9518e-10, 4.1367e-12, 7.2390e-16,  ..., 9.0549e-10, 9.9997e-01,
         2.5656e-05]])
Uncert tensor([8.5304e-02, 2.8910e-15, 4.8941e-05,  ..., 1.0010e-07, 5.8401e-09,
        2.9687e-04])
tensor([0.0000e+00, 0.0000e+00, 2.6092e-11,  ..., 0.0000e+00, 8.0273e-20,
        0.0000e+00])
tensor([0.0000e+00, 0.0000e+00, 3.3519e-11,  ..., 0.0000e+00, 1.1835e-19,
        5.7090e-14])
tensor([8.5304e-02, 2.8910e-15, 4.8941e-05,  ..., 1.0010e-07, 5.8401e-09,
        2.9687e-04])
Getting deep feature representations...
Shape
torch.Size([60000, 128])
torch.Size([57144, 128])
torch.Size([57144, 128])
torch.Size([57144, 128])
Training KDEs...
class_inds[ 0 ]:  5923
class_inds[ 1 ]:  6742
class_inds[ 2 ]:  5958
class_inds[ 3 ]:  6131
class_inds[ 4 ]:  5842
class_inds[ 5 ]:  5421
class_inds[ 6 ]:  5918
class_inds[ 7 ]:  6265
class_inds[ 8 ]:  5851
class_inds[ 9 ]:  5949
Computing model predictions...
computing densities...
results size 57144
results mean -149.6628177595883
results size 57144
results mean -163.34559828515887
results size 57144
results mean -886.4480125888506
[-0.19325437 -0.19325437 -0.19325437 ... -0.19325437 -0.19325437
 -0.19325437]
[-0.19325437 -0.19325437 -0.19325437 ... -0.19325437 -0.19325437
 -0.19325437]
[ 0.74932015 -0.19325437 -0.19271359 ... -0.19325326 -0.1932543
 -0.1899741 ]
.......Densities............
normal  Mean:  0.4131654558758588
noisy  Mean:  0.39056654783788264
adversarial  Mean:  -0.8037320037137415
processing dense ...
processing entropy ...
processing mc_entropy ...
processing mc_variance ...
[Test] Loading noisy and adversarial samples...
[Test] Getting Monte Carlo dropout variance...
[Test] Getting Monte Carlo dropout entropy...
[Test] Getting entropy...
Entropy tensor([[0.0000e+00, 0.0000e+00, 4.2039e-45,  ..., 1.0000e+00, 0.0000e+00,
         1.0887e-39],
        [1.1097e-40, 0.0000e+00, 1.0000e+00,  ..., 0.0000e+00, 6.0256e-44,
         0.0000e+00],
        [3.4136e-42, 1.0000e+00, 3.2752e-23,  ..., 5.7769e-26, 2.5149e-27,
         1.3425e-38],
        ...,
        [0.0000e+00, 0.0000e+00, 0.0000e+00,  ..., 4.3476e-39, 2.6847e-33,
         6.5556e-23],
        [1.0160e-39, 4.1368e-38, 0.0000e+00,  ..., 0.0000e+00, 1.8983e-25,
         0.0000e+00],
        [0.0000e+00, 0.0000e+00, 4.4987e-38,  ..., 0.0000e+00, 0.0000e+00,
         0.0000e+00]])
Uncert tensor([       nan,        nan, 1.7096e-21,  ...,        nan,        nan,
               nan])
Entropy tensor([[0.0000e+00, 0.0000e+00, 4.2039e-45,  ..., 1.0000e+00, 0.0000e+00,
         1.0887e-39],
        [1.1097e-40, 0.0000e+00, 1.0000e+00,  ..., 0.0000e+00, 6.0256e-44,
         0.0000e+00],
        [3.4136e-42, 1.0000e+00, 3.2752e-23,  ..., 5.7769e-26, 2.5149e-27,
         1.3425e-38],
        ...,
        [0.0000e+00, 0.0000e+00, 0.0000e+00,  ..., 4.3476e-39, 2.6847e-33,
         6.5556e-23],
        [1.0160e-39, 4.1368e-38, 0.0000e+00,  ..., 0.0000e+00, 1.8983e-25,
         0.0000e+00],
        [0.0000e+00, 0.0000e+00, 4.4987e-38,  ..., 0.0000e+00, 0.0000e+00,
         0.0000e+00]])
Uncert tensor([       nan,        nan, 1.7096e-21,  ...,        nan,        nan,
               nan])
Entropy tensor([[4.3716e-25, 4.9593e-36, 5.6156e-23,  ..., 1.0000e+00, 8.2197e-28,
         1.2142e-16],
        [1.7355e-19, 1.1479e-20, 1.0000e+00,  ..., 6.1574e-39, 1.7048e-18,
         1.9198e-42],
        [1.5729e-17, 1.0000e+00, 2.3002e-09,  ..., 8.7060e-13, 5.0463e-11,
         5.3609e-18],
        ...,
        [1.4477e-22, 2.0920e-20, 3.4722e-25,  ..., 1.4276e-10, 3.5551e-10,
         1.7704e-05],
        [4.4714e-14, 1.4113e-14, 6.6143e-23,  ..., 2.7796e-20, 3.0961e-05,
         3.2536e-20],
        [3.1755e-27, 4.2289e-30, 1.9684e-13,  ..., 8.6600e-43, 2.6358e-32,
         2.1088e-34]])
Uncert tensor([4.4501e-15, 1.5870e-08, 1.4179e-07,  ..., 2.1149e-04, 3.5246e-04,
        5.7589e-12])
[Test] Getting deep feature representations...
[Test] Computing model predictions...
[Test] computing densities...
results size 10000
results mean -1549.6510103208325
results size 10000
results mean -1549.6510103208325
results size 10000
results mean -903.6211402087606
.......Densities............
normal  Mean:  -0.13355176237427652
noisy  Mean:  -0.13355176237427652
adversarial  Mean:  0.2671035247485531
dense  auc_score:  0.44585143
entropy  auc_score:  0.86704457
mc_entropy  auc_score:  0.7278306024999999
mc_variance  auc_score:  0.71334794
